----------------------------------------------------------------
<<<<<<< Updated upstream
Wed Dec 23 21:47:36 IST 2020:
Booting Derby version The Apache Software Foundation - Apache Derby - 10.14.2.0 - (1828579): instance a816c00e-0176-9124-7bc1-00000f71a840 
on database directory C:\Users\Erez\Documents\HIT College\Life Java\CostManagerApp\CostManagerDB with class loader jdk.internal.loader.ClassLoaders$AppClassLoader@3764951d 
Loaded from file:/C:/Users/Erez/Documents/HIT%20College/Life%20Java/CostManagerApp/DBjar/derby.jar
=======
Wed Dec 23 23:39:55 IST 2020:
Booting Derby version The Apache Software Foundation - Apache Derby - 10.14.2.0 - (1828579): instance a816c00e-0176-918b-5204-00000f6fc5c0 
on database directory C:\Users\Kobi Lvovsky\Documents\CS 3rd Year\Java Web Development\Final Project\CostManagerApp\CostManagerDB with class loader jdk.internal.loader.ClassLoaders$AppClassLoader@4b1210ee 
Loaded from file:/C:/Users/Kobi%20Lvovsky/Documents/CS%203rd%20Year/Java%20Web%20Development/Final%20Project/CostManagerApp/DBjar/derby.jar
>>>>>>> Stashed changes
java.vendor=Oracle Corporation
java.runtime.version=15+36-1562
user.dir=C:\Users\Kobi Lvovsky\Documents\CS 3rd Year\Java Web Development\Final Project\CostManagerApp
os.name=Windows 10
os.arch=amd64
os.version=10.0
derby.system.home=null
Database Class Loader started - derby.database.classpath=''
